<?xml version="1.0" encoding="UTF-8"?>
<testng-results total="1" passed="1" failed="0" skipped="0">
  <reporter-output>
  </reporter-output>
  <suite started-at="2018-08-16T03:34:57Z" name="Suite1" finished-at="2018-08-16T03:35:04Z" duration-ms="7025">
    <groups>
    </groups>
    <test started-at="2018-08-16T03:34:57Z" name="test" finished-at="2018-08-16T03:35:04Z" duration-ms="7025">
      <class name="TestDemo">
        <test-method signature="postUri(java.lang.String, java.lang.String)[pri:0, instance:TestDemo@4b5d6a01]" started-at="2018-08-16T11:34:57Z" name="postUri" data-provider="user" finished-at="2018-08-16T11:35:04Z" duration-ms="7009" status="PASS">
          <params>
            <param index="0">
              <value>
                <![CDATA[058e3f953d67460d934ee117487fbf34]]>
              </value>
            </param>
            <param index="1">
              <value>
                <![CDATA[S000019]]>
              </value>
            </param>
          </params>
          <reporter-output>
          </reporter-output>
        </test-method> <!-- postUri -->
      </class> <!-- TestDemo -->
    </test> <!-- test -->
  </suite> <!-- Suite1 -->
</testng-results>
